This is pdfTeX, Version 3.14159265-2.6-1.40.19 (TeX Live 2018) (preloaded format=pdflatex 2018.7.29)  7 APR 2019 19:27
entering extended mode
 restricted \write18 enabled.
 file:line:error style messages enabled.
 %&-line parsing enabled.
**Contents.tex
(./Contents.tex
LaTeX2e <2018-04-01> patch level 5
./Contents.tex:3: Undefined control sequence.
l.3 \tableofcontents
                    
? 
./Contents.tex:3: Emergency stop.
l.3 \tableofcontents
                    
End of file on the terminal!

 
Here is how much of TeX's memory you used:
 4 strings out of 492646
 123 string characters out of 6129563
 56384 words of memory out of 5000000
 3991 multiletter control sequences out of 15000+600000
 3640 words of font info for 14 fonts, out of 8000000 for 9000
 1141 hyphenation exceptions out of 8191
 5i,0n,4p,138b,8s stack positions out of 5000i,500n,10000p,200000b,80000s
./Contents.tex:3:  ==> Fatal error occurred, no output PDF file produced!
